node.exe : (node:6388) ExperimentalWarning: CommonJS module C:\Users\Oliver 
Productions\AppData\Roaming\npm\node_modules\npm\node_modules\debug\src\node.js is loading ES Module C:\Users\Oliver 
Productions\AppData\Roaming\npm\node_modules\npm\node_modules\supports-color\index.js using require().
At C:\Program Files\nodejs\npx.ps1:29 char:3
+   & $NODE_EXE $NPX_CLI_JS $args
+   ~~~~~~~~~~~~~~~~~~~~~~~~~~~~~
    + CategoryInfo          : NotSpecified: ((node:6388) Exp...sing require().:String) [], RemoteException
    + FullyQualifiedErrorId : NativeCommandError
 
Support for loading ES Module in require() is an experimental feature and might change at any time
(Use `node --trace-warnings ...` to show where the warning was created)

[1m[7m[36m RUN [39m[27m[22m [36mv2.1.9 [39m[90mC:/Users/Oliver Productions/Desktop/1.SMG-BUSINESS/0b.)SMG-Main Brands Dev/livestream-copilot/apps/web[39m

(node:56160) PromiseRejectionHandledWarning: Promise rejection was handled asynchronously (rejection id: 4)
(Use `node --trace-warnings ...` to show where the warning was created)
[90mstderr[2m | src/__tests__/hooks/useSessions.test.ts[2m > [22m[2museSessions Hook[2m > [22m[2mInitial 
Load[2m > [22m[2mshould handle API error on initial load
[22m[39mFailed to load sessions: Error: Network error
    at [90mC:\Users\Oliver Productions\Desktop\1.SMG-BUSINESS\0b.)SMG-Main Brands 
Dev\livestream-copilot\apps\web\[39msrc\__tests__\hooks\useSessions.test.ts:175:9
    at file:///C:/Users/Oliver%20Productions/Desktop/1.SMG-BUSINESS/0b.)SMG-Main%20Brands%20Dev/livestream-copilot/node
_modules/[4m.pnpm[24m/@vitest+runner@2.1.9/node_modules/[4m@vitest[24m/runner/dist/index.js:146:14
    at file:///C:/Users/Oliver%20Productions/Desktop/1.SMG-BUSINESS/0b.)SMG-Main%20Brands%20Dev/livestream-copilot/node
_modules/[4m.pnpm[24m/@vitest+runner@2.1.9/node_modules/[4m@vitest[24m/runner/dist/index.js:533:11
    at runWithTimeout (file:///C:/Users/Oliver%20Productions/Desktop/1.SMG-BUSINESS/0b.)SMG-Main%20Brands%20Dev/livestr
eam-copilot/node_modules/[4m.pnpm[24m/@vitest+runner@2.1.9/node_modules/[4m@vitest[24m/runner/dist/index.js:39:7)
    at runTest (file:///C:/Users/Oliver%20Productions/Desktop/1.SMG-BUSINESS/0b.)SMG-Main%20Brands%20Dev/livestream-cop
ilot/node_modules/[4m.pnpm[24m/@vitest+runner@2.1.9/node_modules/[4m@vitest[24m/runner/dist/index.js:1056:17)
    at runSuite (file:///C:/Users/Oliver%20Productions/Desktop/1.SMG-BUSINESS/0b.)SMG-Main%20Brands%20Dev/livestream-co
pilot/node_modules/[4m.pnpm[24m/@vitest+runner@2.1.9/node_modules/[4m@vitest[24m/runner/dist/index.js:1205:15)
    at runSuite (file:///C:/Users/Oliver%20Productions/Desktop/1.SMG-BUSINESS/0b.)SMG-Main%20Brands%20Dev/livestream-co
pilot/node_modules/[4m.pnpm[24m/@vitest+runner@2.1.9/node_modules/[4m@vitest[24m/runner/dist/index.js:1205:15)
    at runSuite (file:///C:/Users/Oliver%20Productions/Desktop/1.SMG-BUSINESS/0b.)SMG-Main%20Brands%20Dev/livestream-co
pilot/node_modules/[4m.pnpm[24m/@vitest+runner@2.1.9/node_modules/[4m@vitest[24m/runner/dist/index.js:1205:15)
    at runFiles (file:///C:/Users/Oliver%20Productions/Desktop/1.SMG-BUSINESS/0b.)SMG-Main%20Brands%20Dev/livestream-co
pilot/node_modules/[4m.pnpm[24m/@vitest+runner@2.1.9/node_modules/[4m@vitest[24m/runner/dist/index.js:1262:5)
    at startTests (file:///C:/Users/Oliver%20Productions/Desktop/1.SMG-BUSINESS/0b.)SMG-Main%20Brands%20Dev/livestream-
copilot/node_modules/[4m.pnpm[24m/@vitest+runner@2.1.9/node_modules/[4m@vitest[24m/runner/dist/index.js:1271:3)

[90mstderr[2m | src/__tests__/hooks/useSessions.test.ts[2m > [22m[2museSessions Hook[2m > 
[22m[2mcreateSession[2m > [22m[2mshould handle create session error
[22m[39mAn update to TestComponent inside a test was not wrapped in act(...).

When testing, code that causes React state updates should be wrapped into act(...):

act(() => {
  /* fire events that update state */
});
/* assert on the output */

This ensures that you're testing the behavior the user would see in the browser. Learn more at 
https://react.dev/link/wrap-tests-with-act
An update to TestComponent inside a test was not wrapped in act(...).

When testing, code that causes React state updates should be wrapped into act(...):

act(() => {
  /* fire events that update state */
});
/* assert on the output */

This ensures that you're testing the behavior the user would see in the browser. Learn more at 
https://react.dev/link/wrap-tests-with-act

[90mstderr[2m | src/__tests__/hooks/useSessions.test.ts[2m > [22m[2museSessions Hook[2m > 
[22m[2mendSession[2m > [22m[2mshould handle end session error
[22m[39mAn update to TestComponent inside a test was not wrapped in act(...).

When testing, code that causes React state updates should be wrapped into act(...):

act(() => {
  /* fire events that update state */
});
/* assert on the output */

This ensures that you're testing the behavior the user would see in the browser. Learn more at 
https://react.dev/link/wrap-tests-with-act
An update to TestComponent inside a test was not wrapped in act(...).

When testing, code that causes React state updates should be wrapped into act(...):

act(() => {
  /* fire events that update state */
});
/* assert on the output */

This ensures that you're testing the behavior the user would see in the browser. Learn more at 
https://react.dev/link/wrap-tests-with-act

[90mstderr[2m | src/__tests__/hooks/useSessions.test.ts[2m > [22m[2museSessions Hook[2m > 
[22m[2mdeleteSession[2m > [22m[2mshould handle delete session error
[22m[39mAn update to TestComponent inside a test was not wrapped in act(...).

When testing, code that causes React state updates should be wrapped into act(...):

act(() => {
  /* fire events that update state */
});
/* assert on the output */

This ensures that you're testing the behavior the user would see in the browser. Learn more at 
https://react.dev/link/wrap-tests-with-act
An update to TestComponent inside a test was not wrapped in act(...).

When testing, code that causes React state updates should be wrapped into act(...):

act(() => {
  /* fire events that update state */
});
/* assert on the output */

This ensures that you're testing the behavior the user would see in the browser. Learn more at 
https://react.dev/link/wrap-tests-with-act

[90mstderr[2m | src/__tests__/hooks/useSessions.test.ts[2m > [22m[2museSessions Hook[2m > 
[22m[2mgetSessionOutputs[2m > [22m[2mshould handle getSessionOutputs error
[22m[39mAn update to TestComponent inside a test was not wrapped in act(...).

When testing, code that causes React state updates should be wrapped into act(...):

act(() => {
  /* fire events that update state */
});
/* assert on the output */

This ensures that you're testing the behavior the user would see in the browser. Learn more at 
https://react.dev/link/wrap-tests-with-act
An update to TestComponent inside a test was not wrapped in act(...).

When testing, code that causes React state updates should be wrapped into act(...):

act(() => {
  /* fire events that update state */
});
/* assert on the output */

This ensures that you're testing the behavior the user would see in the browser. Learn more at 
https://react.dev/link/wrap-tests-with-act

[90mstderr[2m | src/__tests__/hooks/useSessions.test.ts[2m > [22m[2museSessions Hook[2m > 
[22m[2mclearError[2m > [22m[2mshould clear error state
[22m[39mFailed to load sessions: Error: Network error
    at [90mC:\Users\Oliver Productions\Desktop\1.SMG-BUSINESS\0b.)SMG-Main Brands 
Dev\livestream-copilot\apps\web\[39msrc\__tests__\hooks\useSessions.test.ts:471:9
    at file:///C:/Users/Oliver%20Productions/Desktop/1.SMG-BUSINESS/0b.)SMG-Main%20Brands%20Dev/livestream-copilot/node
_modules/[4m.pnpm[24m/@vitest+runner@2.1.9/node_modules/[4m@vitest[24m/runner/dist/index.js:146:14
    at file:///C:/Users/Oliver%20Productions/Desktop/1.SMG-BUSINESS/0b.)SMG-Main%20Brands%20Dev/livestream-copilot/node
_modules/[4m.pnpm[24m/@vitest+runner@2.1.9/node_modules/[4m@vitest[24m/runner/dist/index.js:533:11
    at runWithTimeout (file:///C:/Users/Oliver%20Productions/Desktop/1.SMG-BUSINESS/0b.)SMG-Main%20Brands%20Dev/livestr
eam-copilot/node_modules/[4m.pnpm[24m/@vitest+runner@2.1.9/node_modules/[4m@vitest[24m/runner/dist/index.js:39:7)
    at runTest (file:///C:/Users/Oliver%20Productions/Desktop/1.SMG-BUSINESS/0b.)SMG-Main%20Brands%20Dev/livestream-cop
ilot/node_modules/[4m.pnpm[24m/@vitest+runner@2.1.9/node_modules/[4m@vitest[24m/runner/dist/index.js:1056:17)
    at runSuite (file:///C:/Users/Oliver%20Productions/Desktop/1.SMG-BUSINESS/0b.)SMG-Main%20Brands%20Dev/livestream-co
pilot/node_modules/[4m.pnpm[24m/@vitest+runner@2.1.9/node_modules/[4m@vitest[24m/runner/dist/index.js:1205:15)
    at runSuite (file:///C:/Users/Oliver%20Productions/Desktop/1.SMG-BUSINESS/0b.)SMG-Main%20Brands%20Dev/livestream-co
pilot/node_modules/[4m.pnpm[24m/@vitest+runner@2.1.9/node_modules/[4m@vitest[24m/runner/dist/index.js:1205:15)
    at runSuite (file:///C:/Users/Oliver%20Productions/Desktop/1.SMG-BUSINESS/0b.)SMG-Main%20Brands%20Dev/livestream-co
pilot/node_modules/[4m.pnpm[24m/@vitest+runner@2.1.9/node_modules/[4m@vitest[24m/runner/dist/index.js:1205:15)
    at runFiles (file:///C:/Users/Oliver%20Productions/Desktop/1.SMG-BUSINESS/0b.)SMG-Main%20Brands%20Dev/livestream-co
pilot/node_modules/[4m.pnpm[24m/@vitest+runner@2.1.9/node_modules/[4m@vitest[24m/runner/dist/index.js:1262:5)
    at startTests (file:///C:/Users/Oliver%20Productions/Desktop/1.SMG-BUSINESS/0b.)SMG-Main%20Brands%20Dev/livestream-
copilot/node_modules/[4m.pnpm[24m/@vitest+runner@2.1.9/node_modules/[4m@vitest[24m/runner/dist/index.js:1271:3)

[90mstderr[2m | src/__tests__/hooks/useSessions.test.ts[2m > [22m[2museSession Hook[2m > [22m[2mshould handle 
session not found error
[22m[39mFailed to load session: Error: Session not found
    at [90mC:\Users\Oliver Productions\Desktop\1.SMG-BUSINESS\0b.)SMG-Main Brands 
Dev\livestream-copilot\apps\web\[39msrc\__tests__\hooks\useSessions.test.ts:587:7
    at file:///C:/Users/Oliver%20Productions/Desktop/1.SMG-BUSINESS/0b.)SMG-Main%20Brands%20Dev/livestream-copilot/node
_modules/[4m.pnpm[24m/@vitest+runner@2.1.9/node_modules/[4m@vitest[24m/runner/dist/index.js:146:14
    at file:///C:/Users/Oliver%20Productions/Desktop/1.SMG-BUSINESS/0b.)SMG-Main%20Brands%20Dev/livestream-copilot/node
_modules/[4m.pnpm[24m/@vitest+runner@2.1.9/node_modules/[4m@vitest[24m/runner/dist/index.js:533:11
    at runWithTimeout (file:///C:/Users/Oliver%20Productions/Desktop/1.SMG-BUSINESS/0b.)SMG-Main%20Brands%20Dev/livestr
eam-copilot/node_modules/[4m.pnpm[24m/@vitest+runner@2.1.9/node_modules/[4m@vitest[24m/runner/dist/index.js:39:7)
    at runTest (file:///C:/Users/Oliver%20Productions/Desktop/1.SMG-BUSINESS/0b.)SMG-Main%20Brands%20Dev/livestream-cop
ilot/node_modules/[4m.pnpm[24m/@vitest+runner@2.1.9/node_modules/[4m@vitest[24m/runner/dist/index.js:1056:17)
    at runSuite (file:///C:/Users/Oliver%20Productions/Desktop/1.SMG-BUSINESS/0b.)SMG-Main%20Brands%20Dev/livestream-co
pilot/node_modules/[4m.pnpm[24m/@vitest+runner@2.1.9/node_modules/[4m@vitest[24m/runner/dist/index.js:1205:15)
    at runSuite (file:///C:/Users/Oliver%20Productions/Desktop/1.SMG-BUSINESS/0b.)SMG-Main%20Brands%20Dev/livestream-co
pilot/node_modules/[4m.pnpm[24m/@vitest+runner@2.1.9/node_modules/[4m@vitest[24m/runner/dist/index.js:1205:15)
    at runFiles (file:///C:/Users/Oliver%20Productions/Desktop/1.SMG-BUSINESS/0b.)SMG-Main%20Brands%20Dev/livestream-co
pilot/node_modules/[4m.pnpm[24m/@vitest+runner@2.1.9/node_modules/[4m@vitest[24m/runner/dist/index.js:1262:5)
    at startTests (file:///C:/Users/Oliver%20Productions/Desktop/1.SMG-BUSINESS/0b.)SMG-Main%20Brands%20Dev/livestream-
copilot/node_modules/[4m.pnpm[24m/@vitest+runner@2.1.9/node_modules/[4m@vitest[24m/runner/dist/index.js:1271:3)
    at file:///C:/Users/Oliver%20Productions/Desktop/1.SMG-BUSINESS/0b.)SMG-Main%20Brands%20Dev/livestream-copilot/node
_modules/[4m.pnpm[24m/vitest@2.1.9_@types+node@22.19.3_@vitest+ui@2.1.9_jsdom@25.0.1_lightningcss@1.30.2_terser@5.44.
1/node_modules/[4mvitest[24m/dist/chunks/runBaseTests.3qpJUEJM.js:126:11

 [31mΓ¥»[39m [33m|web|[39m src/__tests__/hooks/useSessions.test.ts [2m([22m[2m27 tests[22m[2m | [22m[31m4 failed[39m[2m)[22m[33m 2045[2mms[22m[39m
[31m   [31m├ù[31m useSessions Hook[2m > [22mcreateSession[2m > [22mshould handle create session error[90m 77[2mms[22m[31m[39m
[31m     ΓåÆ expected null to be 'Failed to create session' // Object.is equality[39m
[31m   [31m├ù[31m useSessions Hook[2m > [22mendSession[2m > [22mshould handle end session error[90m 77[2mms[22m[31m[39m
[31m     ΓåÆ expected null to be 'Session not found' // Object.is equality[39m
[31m   [31m├ù[31m useSessions Hook[2m > [22mdeleteSession[2m > [22mshould handle delete session error[90m 77[2mms[22m[31m[39m
[31m     ΓåÆ expected null to be 'Cannot delete active session' // Object.is equality[39m
[31m   [31m├ù[31m useSessions Hook[2m > [22mgetSessionOutputs[2m > [22mshould handle getSessionOutputs error[90m 83[2mms[22m[31m[39m
[31m     ΓåÆ expected null to be 'Outputs not found' // Object.is equality[39m
 [31mΓ¥»[39m [33m|web|[39m src/__tests__/hooks/useExport.test.ts [2m([22m[2m14 tests[22m[2m | [22m[31m2 failed[39m[2m)[22m[33m 10044[2mms[22m[39m
[31m   [31m├ù[31m useExport Hook[2m > [22mhandleExport - Error Flow[2m > [22mshould handle export start error[90m 6[2mms[22m[31m[39m
[31m     ΓåÆ expected 'idle' to be 'error' // Object.is equality[39m
[31m   [31m├ù[31m useExport Hook[2m > [22mExport History[2m > [22mshould add completed exports to history[33m 10006[2mms[22m[31m[39m
[31m     ΓåÆ Test timed out in 10000ms.
If this is a long-running test, pass a timeout value as the last argument or configure it globally with "testTimeout".[39m

[31mΓÄ»ΓÄ»ΓÄ»ΓÄ»ΓÄ»ΓÄ»ΓÄ»[1m[7m Failed Tests 6 [27m[22mΓÄ»ΓÄ»ΓÄ»ΓÄ»ΓÄ»ΓÄ»ΓÄ»[39m

[31m[1m[7m FAIL [27m[22m[39m[33m|web|[39m  src/__tests__/hooks/useExport.test.ts[2m > [22museExport Hook[2m 
> [22mhandleExport - Error Flow[2m > [22mshould handle export start error
[31m[1mAssertionError[22m: expected 'idle' to be 'error' // Object.is equality[39m

Expected: [32m"error"[39m
Received: [31m"idle"[39m

[36m [2mΓ¥»[22m src/__tests__/hooks/useExport.test.ts:[2m199:46[22m[39m
    [90m197| [39m      )[33m.[39mrejects[33m.[39m[34mtoThrow[39m([32m"Failed to start export"[39m)[33m;[39m
    [90m198| [39m
    [90m199| [39m      [34mexpect[39m(result[33m.[39mcurrent[33m.[39mprogress[33m.[39mstatus)[33m.[39m[34m
toBe[39m([32m"error"[39m)[33m;[39m
    [90m   | [39m                                             [31m^[39m
    [90m200| [39m      
[34mexpect[39m(result[33m.[39mcurrent[33m.[39mprogress[33m.[39merror)[33m.[39m[34mtoBe[39m([32m"Failed to 
start expo[39mΓÇª
    [90m201| [39m      [34mexpect[39m(onError)[33m.[39m[34mtoHaveBeenCalled[39m()[33m;[39m

[31m[2mΓÄ»ΓÄ»ΓÄ»ΓÄ»ΓÄ»ΓÄ»ΓÄ»ΓÄ»ΓÄ»ΓÄ»ΓÄ»ΓÄ»ΓÄ»ΓÄ»ΓÄ»ΓÄ»ΓÄ»ΓÄ»ΓÄ»ΓÄ»ΓÄ»ΓÄ»ΓÄ»ΓÄ»[1/6]ΓÄ»[22m[39m

[31m[1m[7m FAIL [27m[22m[39m[33m|web|[39m  src/__tests__/hooks/useExport.test.ts[2m > [22museExport Hook[2m 
> [22mExport History[2m > [22mshould add completed exports to history
[31m[1mError[22m: Test timed out in 10000ms.
If this is a long-running test, pass a timeout value as the last argument or configure it globally with 
"testTimeout".[39m
[31m[2mΓÄ»ΓÄ»ΓÄ»ΓÄ»ΓÄ»ΓÄ»ΓÄ»ΓÄ»ΓÄ»ΓÄ»ΓÄ»ΓÄ»ΓÄ»ΓÄ»ΓÄ»ΓÄ»ΓÄ»ΓÄ»ΓÄ»ΓÄ»ΓÄ»ΓÄ»ΓÄ»ΓÄ»[2/6]ΓÄ»[22m[39m

[31m[1m[7m FAIL [27m[22m[39m[33m|web|[39m  src/__tests__/hooks/useSessions.test.ts[2m > [22museSessions 
Hook[2m > [22mcreateSession[2m > [22mshould handle create session error
[31m[1mAssertionError[22m: expected null to be 'Failed to create session' // Object.is equality[39m

[32m- Expected:[39m 
"Failed to create session"

[31m+ Received:[39m 
null

[36m [2mΓ¥»[22m src/__tests__/hooks/useSessions.test.ts:[2m294:36[22m[39m
    [90m292| [39m      )[33m;[39m
    [90m293| [39m
    [90m294| [39m      
[34mexpect[39m(result[33m.[39mcurrent[33m.[39merror)[33m.[39m[34mtoBe[39m([32m"Failed to create 
session"[39m)[33m;[39m
    [90m   | [39m                                   [31m^[39m
    [90m295| [39m    })[33m;[39m
    [90m296| [39m  })[33m;[39m

[31m[2mΓÄ»ΓÄ»ΓÄ»ΓÄ»ΓÄ»ΓÄ»ΓÄ»ΓÄ»ΓÄ»ΓÄ»ΓÄ»ΓÄ»ΓÄ»ΓÄ»ΓÄ»ΓÄ»ΓÄ»ΓÄ»ΓÄ»ΓÄ»ΓÄ»ΓÄ»ΓÄ»ΓÄ»[3/6]ΓÄ»[22m[39m

[31m[1m[7m FAIL [27m[22m[39m[33m|web|[39m  src/__tests__/hooks/useSessions.test.ts[2m > [22museSessions 
Hook[2m > [22mendSession[2m > [22mshould handle end session error
[31m[1mAssertionError[22m: expected null to be 'Session not found' // Object.is equality[39m

[32m- Expected:[39m 
"Session not found"

[31m+ Received:[39m 
null

[36m [2mΓ¥»[22m src/__tests__/hooks/useSessions.test.ts:[2m337:36[22m[39m
    [90m335| [39m      )[33m;[39m
    [90m336| [39m
    [90m337| [39m      
[34mexpect[39m(result[33m.[39mcurrent[33m.[39merror)[33m.[39m[34mtoBe[39m([32m"Session not 
found"[39m)[33m;[39m
    [90m   | [39m                                   [31m^[39m
    [90m338| [39m    })[33m;[39m
    [90m339| [39m  })[33m;[39m

[31m[2mΓÄ»ΓÄ»ΓÄ»ΓÄ»ΓÄ»ΓÄ»ΓÄ»ΓÄ»ΓÄ»ΓÄ»ΓÄ»ΓÄ»ΓÄ»ΓÄ»ΓÄ»ΓÄ»ΓÄ»ΓÄ»ΓÄ»ΓÄ»ΓÄ»ΓÄ»ΓÄ»ΓÄ»[4/6]ΓÄ»[22m[39m

[31m[1m[7m FAIL [27m[22m[39m[33m|web|[39m  src/__tests__/hooks/useSessions.test.ts[2m > [22museSessions 
Hook[2m > [22mdeleteSession[2m > [22mshould handle delete session error
[31m[1mAssertionError[22m: expected null to be 'Cannot delete active session' // Object.is equality[39m

[32m- Expected:[39m 
"Cannot delete active session"

[31m+ Received:[39m 
null

[36m [2mΓ¥»[22m src/__tests__/hooks/useSessions.test.ts:[2m421:36[22m[39m
    [90m419| [39m      )[33m;[39m
    [90m420| [39m
    [90m421| [39m      
[34mexpect[39m(result[33m.[39mcurrent[33m.[39merror)[33m.[39m[34mtoBe[39m([32m"Cannot delete active 
session"[39mΓÇª
    [90m   | [39m                                   [31m^[39m
    [90m422| [39m    })[33m;[39m
    [90m423| [39m  })[33m;[39m

[31m[2mΓÄ»ΓÄ»ΓÄ»ΓÄ»ΓÄ»ΓÄ»ΓÄ»ΓÄ»ΓÄ»ΓÄ»ΓÄ»ΓÄ»ΓÄ»ΓÄ»ΓÄ»ΓÄ»ΓÄ»ΓÄ»ΓÄ»ΓÄ»ΓÄ»ΓÄ»ΓÄ»ΓÄ»[5/6]ΓÄ»[22m[39m

[31m[1m[7m FAIL [27m[22m[39m[33m|web|[39m  src/__tests__/hooks/useSessions.test.ts[2m > [22museSessions 
Hook[2m > [22mgetSessionOutputs[2m > [22mshould handle getSessionOutputs error
[31m[1mAssertionError[22m: expected null to be 'Outputs not found' // Object.is equality[39m

[32m- Expected:[39m 
"Outputs not found"

[31m+ Received:[39m 
null

[36m [2mΓ¥»[22m src/__tests__/hooks/useSessions.test.ts:[2m464:36[22m[39m
    [90m462| [39m      )[33m;[39m
    [90m463| [39m
    [90m464| [39m      
[34mexpect[39m(result[33m.[39mcurrent[33m.[39merror)[33m.[39m[34mtoBe[39m([32m"Outputs not 
found"[39m)[33m;[39m
    [90m   | [39m                                   [31m^[39m
    [90m465| [39m    })[33m;[39m
    [90m466| [39m  })[33m;[39m

[31m[2mΓÄ»ΓÄ»ΓÄ»ΓÄ»ΓÄ»ΓÄ»ΓÄ»ΓÄ»ΓÄ»ΓÄ»ΓÄ»ΓÄ»ΓÄ»ΓÄ»ΓÄ»ΓÄ»ΓÄ»ΓÄ»ΓÄ»ΓÄ»ΓÄ»ΓÄ»ΓÄ»ΓÄ»[6/6]ΓÄ»[22m[39m

[31mΓÄ»ΓÄ»ΓÄ»ΓÄ»ΓÄ»ΓÄ»[1m[7m Unhandled Errors [27m[22mΓÄ»ΓÄ»ΓÄ»ΓÄ»ΓÄ»ΓÄ»[39m
[31m[1m
Vitest caught 1 unhandled error during the test run.
This might cause false positive tests. Resolve unhandled errors to make sure your tests are not affected.[22m[39m

[31mΓÄ»ΓÄ»ΓÄ»ΓÄ»[1m[7m Unhandled Rejection [27m[22mΓÄ»ΓÄ»ΓÄ»ΓÄ»ΓÄ»[39m
[31m[1mError[22m: Encoding failed[39m
[36m [2mΓ¥»[22m src/hooks/useExport.ts:[2m239:33[22m[39m
    [90m237| [39m          } [35melse[39m {
    [90m238| [39m            [90m// Export failed[39m
    [90m239| [39m            [35mconst[39m failedError [33m=[39m [35mnew[39m 
[33mError[39m(status[33m.[39merror [33m||[39m [32m"Export fail[39mΓÇª
    [90m   | [39m                                [31m^[39m
    [90m240| [39m            [34msetProgress[39m({
    [90m241| [39m              status[33m:[39m [32m"error"[39m[33m,[39m

[31mThis error originated in "[1msrc/__tests__/hooks/useExport.test.ts[22m" test file. It doesn't mean the error 
was thrown inside the file itself, but while it was running.[39m
[31mThe latest test that might've caused the error is "[1mshould handle export failure status[22m". It might mean 
one of the following:
- The error was thrown, while Vitest was running this test.
- If the error occurred after the test had been completed, this was the last documented test before it was thrown.[39m
[31mΓÄ»ΓÄ»ΓÄ»ΓÄ»ΓÄ»ΓÄ»ΓÄ»ΓÄ»ΓÄ»ΓÄ»ΓÄ»ΓÄ»ΓÄ»ΓÄ»ΓÄ»ΓÄ»ΓÄ»ΓÄ»ΓÄ»ΓÄ»ΓÄ»ΓÄ»ΓÄ»ΓÄ»ΓÄ»ΓÄ»ΓÄ»ΓÄ»ΓÄ»ΓÄ»[39m

[2m Test Files [22m [1m[31m2 failed[39m[22m[90m (2)[39m
[2m      Tests [22m [1m[31m6 failed[39m[22m[2m | [22m[1m[32m35 passed[39m[22m[90m (41)[39m
[2m     Errors [22m [1m[31m1 error[39m[22m
[2m   Start at [22m 19:49:54
[2m   Duration [22m 11.40s[2m (transform 133ms, setup 203ms, collect 394ms, tests 12.09s, environment 1.05s, prepare 160ms)[22m

